  HashTable.cpp
C:\Users\jec99\Documents\GitHub\Client_nowon_1800_2000-Cpp\Client_CPP\HashTable\LinkedListTemplate.h(64,9): error C3861: 'first': 식별자를 찾을 수 없습니다.
C:\Users\jec99\Documents\GitHub\Client_nowon_1800_2000-Cpp\Client_CPP\HashTable\LinkedListTemplate.h(65,17): error C3861: 'nullptr0': 식별자를 찾을 수 없습니다.
C:\Users\jec99\Documents\GitHub\Client_nowon_1800_2000-Cpp\Client_CPP\HashTable\LinkedListTemplate.h(77,15): error C3861: '_item': 식별자를 찾을 수 없습니다.
C:\Users\jec99\Documents\GitHub\Client_nowon_1800_2000-Cpp\Client_CPP\HashTable\LinkedListTemplate.h(78,6): error C2065: '_first': 선언되지 않은 식별자입니다.
C:\Users\jec99\Documents\GitHub\Client_nowon_1800_2000-Cpp\Client_CPP\HashTable\LinkedListTemplate.h(78,6): error C3861: '_first': 식별자를 찾을 수 없습니다.
C:\Users\jec99\Documents\GitHub\Client_nowon_1800_2000-Cpp\Client_CPP\HashTable\LinkedListTemplate.h(80,3): error C3861: '_first': 식별자를 찾을 수 없습니다.
C:\Users\jec99\Documents\GitHub\Client_nowon_1800_2000-Cpp\Client_CPP\HashTable\LinkedListTemplate.h(82,6): error C3861: '_last': 식별자를 찾을 수 없습니다.
C:\Users\jec99\Documents\GitHub\Client_nowon_1800_2000-Cpp\Client_CPP\HashTable\LinkedListTemplate.h(83,3): error C3861: '_last': 식별자를 찾을 수 없습니다.
C:\Users\jec99\Documents\GitHub\Client_nowon_1800_2000-Cpp\Client_CPP\HashTable\LinkedListTemplate.h(85,2): error C3861: '_first': 식별자를 찾을 수 없습니다.
C:\Users\jec99\Documents\GitHub\Client_nowon_1800_2000-Cpp\Client_CPP\HashTable\LinkedListTemplate.h(147,4): error C3878: 구문 오류: 예기치 않은 토큰 'return'이(가) 'expression' 다음에 있습니다.
C:\Users\jec99\Documents\GitHub\Client_nowon_1800_2000-Cpp\Client_CPP\HashTable\LinkedListTemplate.h(147,4): message : 오류 복구를 건너뛰었습니다. 'return'
C:\Users\jec99\Documents\GitHub\Client_nowon_1800_2000-Cpp\Client_CPP\HashTable\LinkedListTemplate.h(173,9): error C3861: '_last': 식별자를 찾을 수 없습니다.
C:\Users\jec99\Documents\GitHub\Client_nowon_1800_2000-Cpp\Client_CPP\HashTable\LinkedListTemplate.h(201,19): error C3861: 'flase': 식별자를 찾을 수 없습니다.
C:\Users\jec99\Documents\GitHub\Client_nowon_1800_2000-Cpp\Client_CPP\HashTable\LinkedListTemplate.h(213,3): error C3861: 'isRemoved': 식별자를 찾을 수 없습니다.
C:\Users\jec99\Documents\GitHub\Client_nowon_1800_2000-Cpp\Client_CPP\HashTable\LinkedListTemplate.h(223,19): error C3861: 'flase': 식별자를 찾을 수 없습니다.
C:\Users\jec99\Documents\GitHub\Client_nowon_1800_2000-Cpp\Client_CPP\HashTable\LinkedListTemplate.h(235,3): error C3861: 'isRemoved': 식별자를 찾을 수 없습니다.
C:\Users\jec99\Documents\GitHub\Client_nowon_1800_2000-Cpp\Client_CPP\HashTable\LinkedListTemplate.h(245,9): error C3861: '_first': 식별자를 찾을 수 없습니다.
C:\Users\jec99\Documents\GitHub\Client_nowon_1800_2000-Cpp\Client_CPP\HashTable\HashTable.cpp(88,23): warning C4018: '<': signed 또는 unsigned가 일치하지 않습니다.
  LinkedListTemplate.cpp
  main.cpp
C:\Users\jec99\Documents\GitHub\Client_nowon_1800_2000-Cpp\Client_CPP\HashTable\LinkedListTemplate.h(64,9): error C3861: 'first': 식별자를 찾을 수 없습니다.
C:\Users\jec99\Documents\GitHub\Client_nowon_1800_2000-Cpp\Client_CPP\HashTable\LinkedListTemplate.h(65,17): error C3861: 'nullptr0': 식별자를 찾을 수 없습니다.
C:\Users\jec99\Documents\GitHub\Client_nowon_1800_2000-Cpp\Client_CPP\HashTable\LinkedListTemplate.h(77,15): error C3861: '_item': 식별자를 찾을 수 없습니다.
C:\Users\jec99\Documents\GitHub\Client_nowon_1800_2000-Cpp\Client_CPP\HashTable\LinkedListTemplate.h(78,6): error C2065: '_first': 선언되지 않은 식별자입니다.
C:\Users\jec99\Documents\GitHub\Client_nowon_1800_2000-Cpp\Client_CPP\HashTable\LinkedListTemplate.h(78,6): error C3861: '_first': 식별자를 찾을 수 없습니다.
C:\Users\jec99\Documents\GitHub\Client_nowon_1800_2000-Cpp\Client_CPP\HashTable\LinkedListTemplate.h(80,3): error C3861: '_first': 식별자를 찾을 수 없습니다.
C:\Users\jec99\Documents\GitHub\Client_nowon_1800_2000-Cpp\Client_CPP\HashTable\LinkedListTemplate.h(82,6): error C3861: '_last': 식별자를 찾을 수 없습니다.
C:\Users\jec99\Documents\GitHub\Client_nowon_1800_2000-Cpp\Client_CPP\HashTable\LinkedListTemplate.h(83,3): error C3861: '_last': 식별자를 찾을 수 없습니다.
C:\Users\jec99\Documents\GitHub\Client_nowon_1800_2000-Cpp\Client_CPP\HashTable\LinkedListTemplate.h(85,2): error C3861: '_first': 식별자를 찾을 수 없습니다.
C:\Users\jec99\Documents\GitHub\Client_nowon_1800_2000-Cpp\Client_CPP\HashTable\LinkedListTemplate.h(147,4): error C3878: 구문 오류: 예기치 않은 토큰 'return'이(가) 'expression' 다음에 있습니다.
C:\Users\jec99\Documents\GitHub\Client_nowon_1800_2000-Cpp\Client_CPP\HashTable\LinkedListTemplate.h(147,4): message : 오류 복구를 건너뛰었습니다. 'return'
C:\Users\jec99\Documents\GitHub\Client_nowon_1800_2000-Cpp\Client_CPP\HashTable\LinkedListTemplate.h(173,9): error C3861: '_last': 식별자를 찾을 수 없습니다.
C:\Users\jec99\Documents\GitHub\Client_nowon_1800_2000-Cpp\Client_CPP\HashTable\LinkedListTemplate.h(201,19): error C3861: 'flase': 식별자를 찾을 수 없습니다.
C:\Users\jec99\Documents\GitHub\Client_nowon_1800_2000-Cpp\Client_CPP\HashTable\LinkedListTemplate.h(213,3): error C3861: 'isRemoved': 식별자를 찾을 수 없습니다.
C:\Users\jec99\Documents\GitHub\Client_nowon_1800_2000-Cpp\Client_CPP\HashTable\LinkedListTemplate.h(223,19): error C3861: 'flase': 식별자를 찾을 수 없습니다.
C:\Users\jec99\Documents\GitHub\Client_nowon_1800_2000-Cpp\Client_CPP\HashTable\LinkedListTemplate.h(235,3): error C3861: 'isRemoved': 식별자를 찾을 수 없습니다.
C:\Users\jec99\Documents\GitHub\Client_nowon_1800_2000-Cpp\Client_CPP\HashTable\LinkedListTemplate.h(245,9): error C3861: '_first': 식별자를 찾을 수 없습니다.
  코드를 생성하고 있습니다...
